2026-02-28 03:12:47,413 - skills.logging_skill - INFO - [2026-02-28 03:12:47] INFO: system_startup - AI Employee logging system initialized
2026-02-28 03:12:47,413 - skills.logging_skill - INFO - [2026-02-28 03:12:47] INFO: system_test_start - Starting Bronze Tier functionality test
2026-02-28 03:12:47,413 - skills.vault_read_skill - INFO - Successfully read file: Dashboard.md
2026-02-28 03:13:35,225 - skills.logging_skill - INFO - [2026-02-28 03:13:35] INFO: system_startup - AI Employee logging system initialized
2026-02-28 03:13:35,225 - skills.logging_skill - INFO - [2026-02-28 03:13:35] INFO: system_test_start - Starting Bronze Tier functionality test
2026-02-28 03:13:35,225 - skills.vault_read_skill - INFO - Successfully read file: Dashboard.md
2026-02-28 03:13:35,225 - skills.logging_skill - INFO - [2026-02-28 03:13:35] INFO: read_file - File: Dashboard.md, Preview: # AI Employee Dashboard

## Overview
This dashboar...
2026-02-28 03:13:35,225 - skills.vault_read_skill - INFO - Successfully read file: Company_Handbook.md
2026-02-28 03:13:35,225 - skills.logging_skill - INFO - [2026-02-28 03:13:35] INFO: read_file - File: Company_Handbook.md, Preview: # Company Handbook for AI Employee

## Purpose
Thi...
2026-02-28 03:13:35,225 - skills.vault_write_skill - INFO - Successfully wrote to file: Dashboard.md
2026-02-28 03:13:35,225 - skills.logging_skill - INFO - [2026-02-28 03:13:35] INFO: write_file - File: Dashboard.md, Size: 14 chars
2026-02-28 03:13:35,241 - skills.vault_write_skill - INFO - Successfully wrote to file: Dashboard.md
2026-02-28 03:13:35,257 - skills.logging_skill - INFO - [2026-02-28 03:13:35] INFO: write_file - File: Dashboard.md, Size: 13 chars
2026-02-28 03:13:35,258 - skills.logging_skill - INFO - [2026-02-28 03:13:35] INFO: write_file - File: Inbox\test_file.txt, Size: 12 chars
2026-02-28 03:13:35,259 - skills.workflow_skill - INFO - Found 1 files in Inbox folder
2026-02-28 03:13:35,262 - skills.workflow_skill - INFO - Moved test_file.txt to Needs_Action folder
2026-02-28 03:13:35,262 - skills.logging_skill - INFO - [2026-02-28 03:13:35] INFO: move_file - File: Inbox\test_file.txt, From: Inbox, To: Needs_Action
2026-02-28 03:13:35,263 - skills.vault_read_skill - INFO - Found 1 files in Needs_Action
2026-02-28 03:13:35,264 - skills.workflow_skill - INFO - Found 1 files in Needs_Action folder
2026-02-28 03:13:35,266 - skills.workflow_skill - INFO - Moved test_file.txt to Done folder
2026-02-28 03:13:35,267 - skills.logging_skill - INFO - [2026-02-28 03:13:35] INFO: move_file - File: Needs_Action\test_file.txt, From: Needs_Action, To: Done
2026-02-28 03:13:35,268 - skills.vault_read_skill - INFO - Found 1 files in Done
2026-02-28 03:13:35,270 - skills.vault_read_skill - INFO - Found 0 files in Needs_Action
2026-02-28 03:13:35,271 - skills.vault_read_skill - INFO - Found 1 files in Drop_Folder
2026-02-28 03:13:35,271 - skills.logging_skill - INFO - [2026-02-28 03:13:35] INFO: system_startup - AI Employee logging system initialized
2026-02-28 03:13:49,053 - skills.logging_skill - INFO - [2026-02-28 03:13:49] INFO: system_startup - AI Employee logging system initialized
2026-02-28 03:13:49,053 - skills.logging_skill - INFO - [2026-02-28 03:13:49] INFO: system_test_start - Starting Bronze Tier functionality test
2026-02-28 03:13:49,053 - skills.vault_read_skill - INFO - Successfully read file: Dashboard.md
2026-02-28 03:13:49,053 - skills.logging_skill - INFO - [2026-02-28 03:13:49] INFO: read_file - File: Dashboard.md, Preview: # AI Employee Dashboard

## Overview
This dashboar...
2026-02-28 03:13:49,053 - skills.vault_read_skill - INFO - Successfully read file: Company_Handbook.md
2026-02-28 03:13:49,053 - skills.logging_skill - INFO - [2026-02-28 03:13:49] INFO: read_file - File: Company_Handbook.md, Preview: # Company Handbook for AI Employee

## Purpose
Thi...
2026-02-28 03:13:49,069 - skills.vault_write_skill - INFO - Successfully wrote to file: Dashboard.md
2026-02-28 03:13:49,069 - skills.logging_skill - INFO - [2026-02-28 03:13:49] INFO: write_file - File: Dashboard.md, Size: 14 chars
2026-02-28 03:13:49,084 - skills.vault_write_skill - INFO - Successfully wrote to file: Dashboard.md
2026-02-28 03:13:49,084 - skills.logging_skill - INFO - [2026-02-28 03:13:49] INFO: write_file - File: Dashboard.md, Size: 13 chars
2026-02-28 03:13:49,084 - skills.logging_skill - INFO - [2026-02-28 03:13:49] INFO: write_file - File: Inbox\test_file.txt, Size: 12 chars
2026-02-28 03:13:49,084 - skills.workflow_skill - INFO - Found 1 files in Inbox folder
2026-02-28 03:13:49,084 - skills.workflow_skill - INFO - Moved test_file.txt to Needs_Action folder
2026-02-28 03:13:49,084 - skills.logging_skill - INFO - [2026-02-28 03:13:49] INFO: move_file - File: Inbox\test_file.txt, From: Inbox, To: Needs_Action
2026-02-28 03:13:49,084 - skills.vault_read_skill - INFO - Found 1 files in Needs_Action
2026-02-28 03:13:49,084 - skills.workflow_skill - INFO - Found 1 files in Needs_Action folder
2026-02-28 03:13:49,100 - skills.workflow_skill - ERROR - Error moving test_file.txt to Done folder: [WinError 183] Cannot create a file when that file already exists: 'Needs_Action\\test_file.txt' -> 'Done\\test_file.txt'
2026-02-28 03:13:51,104 - skills.workflow_skill - ERROR - Failed to move file after retry: [WinError 183] Cannot create a file when that file already exists: 'Needs_Action\\test_file.txt' -> 'Done\\test_file.txt'
2026-02-28 03:13:51,106 - skills.vault_read_skill - INFO - Found 1 files in Done
2026-02-28 03:13:51,110 - skills.vault_read_skill - INFO - Found 1 files in Needs_Action
2026-02-28 03:13:51,112 - skills.vault_read_skill - INFO - Found 1 files in Drop_Folder
2026-02-28 03:13:51,116 - skills.logging_skill - INFO - [2026-02-28 03:13:51] INFO: system_startup - AI Employee logging system initialized
2026-02-28 03:13:51,117 - skills.logging_skill - INFO - [2026-02-28 03:13:51] INFO: test_action - Testing the logging functionality
2026-02-28 03:13:51,118 - skills.logging_skill - INFO - [2026-02-28 03:13:51] INFO: read_file - File: test_file.md, Preview: Test content preview...
2026-02-28 03:13:51,118 - skills.logging_skill - INFO - [2026-02-28 03:13:51] INFO: write_file - File: test_file.md, Size: 100 chars
2026-02-28 03:13:51,119 - skills.logging_skill - INFO - [2026-02-28 03:13:51] INFO: move_file - File: test_file.md, From: Inbox, To: Needs_Action
2026-02-28 03:13:51,120 - skills.logging_skill - INFO - [2026-02-28 03:13:51] INFO: system_test - Test system status
2026-02-28 03:13:51,147 - skills.logging_skill - INFO - [2026-02-28 03:13:51] INFO: system_test_complete - Bronze Tier functionality test completed
2026-02-28 03:14:00,644 - skills.logging_skill - INFO - [2026-02-28 03:14:00] INFO: system_startup - AI Employee logging system initialized
2026-02-28 03:14:00,644 - skills.logging_skill - INFO - [2026-02-28 03:14:00] INFO: system_test_start - Starting Bronze Tier functionality test
2026-02-28 03:14:00,645 - skills.vault_read_skill - INFO - Successfully read file: Dashboard.md
2026-02-28 03:14:00,645 - skills.logging_skill - INFO - [2026-02-28 03:14:00] INFO: read_file - File: Dashboard.md, Preview: # AI Employee Dashboard

## Overview
This dashboar...
2026-02-28 03:14:00,646 - skills.vault_read_skill - INFO - Successfully read file: Company_Handbook.md
2026-02-28 03:14:00,648 - skills.logging_skill - INFO - [2026-02-28 03:14:00] INFO: read_file - File: Company_Handbook.md, Preview: # Company Handbook for AI Employee

## Purpose
Thi...
2026-02-28 03:14:00,648 - skills.vault_write_skill - INFO - Successfully wrote to file: Dashboard.md
2026-02-28 03:14:00,648 - skills.logging_skill - INFO - [2026-02-28 03:14:00] INFO: write_file - File: Dashboard.md, Size: 14 chars
2026-02-28 03:14:00,663 - skills.vault_write_skill - INFO - Successfully wrote to file: Dashboard.md
2026-02-28 03:14:00,663 - skills.logging_skill - INFO - [2026-02-28 03:14:00] INFO: write_file - File: Dashboard.md, Size: 13 chars
2026-02-28 03:14:00,663 - skills.logging_skill - INFO - [2026-02-28 03:14:00] INFO: write_file - File: Inbox\test_file.txt, Size: 12 chars
2026-02-28 03:14:00,663 - skills.workflow_skill - INFO - Found 1 files in Inbox folder
2026-02-28 03:14:00,663 - skills.workflow_skill - ERROR - Error moving test_file.txt to Needs_Action folder: [WinError 183] Cannot create a file when that file already exists: 'Inbox\\test_file.txt' -> 'Needs_Action\\test_file.txt'
2026-02-28 03:14:02,675 - skills.workflow_skill - ERROR - Failed to move file after retry: [WinError 183] Cannot create a file when that file already exists: 'Inbox\\test_file.txt' -> 'Needs_Action\\test_file.txt'
2026-02-28 03:14:02,675 - skills.vault_read_skill - INFO - Found 1 files in Needs_Action
2026-02-28 03:14:02,675 - skills.vault_read_skill - INFO - Found 1 files in Drop_Folder
2026-02-28 03:14:02,675 - skills.logging_skill - INFO - [2026-02-28 03:14:02] INFO: system_startup - AI Employee logging system initialized
2026-02-28 03:14:02,675 - skills.logging_skill - INFO - [2026-02-28 03:14:02] INFO: test_action - Testing the logging functionality
2026-02-28 03:14:02,675 - skills.logging_skill - INFO - [2026-02-28 03:14:02] INFO: read_file - File: test_file.md, Preview: Test content preview...
2026-02-28 03:14:02,675 - skills.logging_skill - INFO - [2026-02-28 03:14:02] INFO: write_file - File: test_file.md, Size: 100 chars
2026-02-28 03:14:02,675 - skills.logging_skill - INFO - [2026-02-28 03:14:02] INFO: move_file - File: test_file.md, From: Inbox, To: Needs_Action
2026-02-28 03:14:02,675 - skills.logging_skill - INFO - [2026-02-28 03:14:02] INFO: system_test - Test system status
2026-02-28 03:14:02,691 - skills.logging_skill - INFO - [2026-02-28 03:14:02] INFO: system_test_complete - Bronze Tier functionality test completed
2026-02-28 03:14:13,657 - skills.logging_skill - INFO - [2026-02-28 03:14:13] INFO: system_startup - AI Employee logging system initialized
2026-02-28 03:14:13,658 - skills.logging_skill - INFO - [2026-02-28 03:14:13] INFO: system_test_start - Starting Bronze Tier functionality test
2026-02-28 03:14:13,659 - skills.vault_read_skill - INFO - Successfully read file: Dashboard.md
2026-02-28 03:14:13,659 - skills.logging_skill - INFO - [2026-02-28 03:14:13] INFO: read_file - File: Dashboard.md, Preview: # AI Employee Dashboard

## Overview
This dashboar...
2026-02-28 03:14:13,660 - skills.vault_read_skill - INFO - Successfully read file: Company_Handbook.md
2026-02-28 03:14:13,660 - skills.logging_skill - INFO - [2026-02-28 03:14:13] INFO: read_file - File: Company_Handbook.md, Preview: # Company Handbook for AI Employee

## Purpose
Thi...
2026-02-28 03:14:13,663 - skills.vault_write_skill - INFO - Successfully wrote to file: Dashboard.md
2026-02-28 03:14:13,663 - skills.logging_skill - INFO - [2026-02-28 03:14:13] INFO: write_file - File: Dashboard.md, Size: 14 chars
2026-02-28 03:14:13,679 - skills.vault_write_skill - INFO - Successfully wrote to file: Dashboard.md
2026-02-28 03:14:13,679 - skills.logging_skill - INFO - [2026-02-28 03:14:13] INFO: write_file - File: Dashboard.md, Size: 13 chars
2026-02-28 03:14:13,679 - skills.logging_skill - INFO - [2026-02-28 03:14:13] INFO: write_file - File: Inbox\test_file.txt, Size: 12 chars
2026-02-28 03:14:13,679 - skills.workflow_skill - INFO - Found 1 files in Inbox folder
2026-02-28 03:14:13,679 - skills.workflow_skill - ERROR - Error moving test_file.txt to Needs_Action folder: [WinError 183] Cannot create a file when that file already exists: 'Inbox\\test_file.txt' -> 'Needs_Action\\test_file.txt'
2026-02-28 03:14:15,686 - skills.workflow_skill - ERROR - Failed to move file after retry: [WinError 183] Cannot create a file when that file already exists: 'Inbox\\test_file.txt' -> 'Needs_Action\\test_file.txt'
2026-02-28 03:14:15,686 - skills.vault_read_skill - INFO - Found 1 files in Needs_Action
2026-02-28 03:14:15,686 - skills.vault_read_skill - INFO - Found 1 files in Drop_Folder
2026-02-28 03:14:15,686 - skills.logging_skill - INFO - [2026-02-28 03:14:15] INFO: system_startup - AI Employee logging system initialized
2026-02-28 03:14:15,686 - skills.logging_skill - INFO - [2026-02-28 03:14:15] INFO: test_action - Testing the logging functionality
2026-02-28 03:14:15,686 - skills.logging_skill - INFO - [2026-02-28 03:14:15] INFO: read_file - File: test_file.md, Preview: Test content preview...
2026-02-28 03:14:15,686 - skills.logging_skill - INFO - [2026-02-28 03:14:15] INFO: write_file - File: test_file.md, Size: 100 chars
2026-02-28 03:14:15,686 - skills.logging_skill - INFO - [2026-02-28 03:14:15] INFO: move_file - File: test_file.md, From: Inbox, To: Needs_Action
2026-02-28 03:14:15,686 - skills.logging_skill - INFO - [2026-02-28 03:14:15] INFO: system_test - Test system status
2026-02-28 03:14:15,717 - skills.logging_skill - INFO - [2026-02-28 03:14:15] INFO: system_test_complete - Bronze Tier functionality test completed
2026-02-28 03:15:57,850 - skills.logging_skill - INFO - [2026-02-28 03:15:57] INFO: system_startup - AI Employee logging system initialized
2026-02-28 03:15:57,866 - skills.logging_skill - INFO - [2026-02-28 03:15:57] INFO: system_verification_complete - Bronze Tier system verification completed
2026-02-28 03:15:57,866 - FilesystemWatcher - INFO - Filesystem watcher initialized for: Drop_Folder
2026-02-28 03:16:06,700 - skills.logging_skill - INFO - [2026-02-28 03:16:06] INFO: system_startup - AI Employee logging system initialized
2026-02-28 03:16:06,700 - skills.logging_skill - INFO - [2026-02-28 03:16:06] INFO: system_verification_complete - Bronze Tier system verification completed
2026-02-28 03:16:06,702 - FilesystemWatcher - INFO - Filesystem watcher initialized for: Drop_Folder
