2026-02-23 05:51:45,342 - __main__ - INFO - Scheduler initialized with basic tasks
2026-02-23 05:51:45,342 - __main__ - INFO - AI Employee Scheduler started...
2026-02-23 05:56:50,848 - __main__ - INFO - Scheduler initialized with basic tasks
2026-02-23 05:56:50,849 - __main__ - INFO - AI Employee Scheduler started...
2026-02-23 05:57:16,926 - __main__ - INFO - Scheduler initialized with basic tasks
2026-02-23 05:57:16,926 - __main__ - INFO - AI Employee Scheduler started...
2026-02-23 13:29:26,809 - __main__ - INFO - Running daily business briefing...
2026-02-23 13:29:26,872 - __main__ - INFO - Daily briefing created: daily_briefing_20260223.md
2026-02-23 13:29:26,872 - __main__ - INFO - Generating weekly report...
2026-02-23 13:29:26,887 - __main__ - INFO - Weekly report created: weekly_report_2026-W08.md
2026-02-23 13:29:26,887 - __main__ - INFO - Scheduling social media posts...
2026-02-23 13:29:26,903 - __main__ - INFO - Social media task created: social_media_task_20260223_132926.md
2026-02-23 13:29:55,504 - __main__ - INFO - Running daily business briefing...
2026-02-23 13:29:55,544 - __main__ - INFO - Daily briefing created: daily_briefing_20260223.md
2026-02-23 13:29:55,544 - __main__ - INFO - Generating weekly report...
2026-02-23 13:29:55,548 - __main__ - INFO - Weekly report created: weekly_report_2026-W08.md
2026-02-23 13:29:55,549 - __main__ - INFO - Scheduling social media posts...
2026-02-23 13:29:55,555 - __main__ - INFO - Social media task created: social_media_task_20260223_132955.md
2026-02-23 13:30:00,680 - __main__ - INFO - Running daily business briefing...
2026-02-23 13:30:00,734 - __main__ - INFO - Daily briefing created: daily_briefing_20260223.md
2026-02-23 13:30:00,736 - __main__ - INFO - Generating weekly report...
2026-02-23 13:30:00,741 - __main__ - INFO - Weekly report created: weekly_report_2026-W08.md
2026-02-23 13:30:00,741 - __main__ - INFO - Scheduling social media posts...
2026-02-23 13:30:00,752 - __main__ - INFO - Social media task created: social_media_task_20260223_133000.md
2026-02-24 13:38:15,383 - __main__ - INFO - Running daily business briefing...
2026-02-24 13:38:15,445 - __main__ - INFO - Daily briefing created: daily_briefing_20260224.md
2026-02-24 13:38:19,446 - __main__ - INFO - Running daily business briefing...
2026-02-24 13:38:19,493 - __main__ - INFO - Daily briefing created: daily_briefing_20260224.md
2026-02-24 13:38:45,435 - __main__ - INFO - Running daily business briefing...
2026-02-24 13:38:45,470 - __main__ - INFO - Daily briefing created: daily_briefing_20260224.md
2026-03-01 21:38:30,096 - __main__ - INFO - Scheduler initialized with basic tasks
2026-03-01 21:38:30,096 - __main__ - INFO - AI Employee Scheduler started...
2026-03-01 21:38:30,908 - __main__ - INFO - Scheduler initialized with basic tasks
2026-03-01 21:38:30,908 - __main__ - INFO - AI Employee Scheduler started...
2026-03-01 21:41:37,288 - __main__ - INFO - Scheduler initialized with basic tasks
2026-03-01 21:41:37,288 - __main__ - INFO - AI Employee Scheduler started...
2026-03-01 21:41:37,772 - __main__ - INFO - Scheduler initialized with basic tasks
2026-03-01 21:41:37,772 - __main__ - INFO - AI Employee Scheduler started...
