2026-02-23 05:51:45,342 - __main__ - INFO - Scheduler initialized with basic tasks
2026-02-23 05:51:45,342 - __main__ - INFO - AI Employee Scheduler started...
2026-02-23 05:56:50,848 - __main__ - INFO - Scheduler initialized with basic tasks
2026-02-23 05:56:50,849 - __main__ - INFO - AI Employee Scheduler started...
2026-02-23 05:57:16,926 - __main__ - INFO - Scheduler initialized with basic tasks
2026-02-23 05:57:16,926 - __main__ - INFO - AI Employee Scheduler started...
2026-02-23 13:29:26,809 - __main__ - INFO - Running daily business briefing...
2026-02-23 13:29:26,872 - __main__ - INFO - Daily briefing created: daily_briefing_20260223.md
2026-02-23 13:29:26,872 - __main__ - INFO - Generating weekly report...
2026-02-23 13:29:26,887 - __main__ - INFO - Weekly report created: weekly_report_2026-W08.md
2026-02-23 13:29:26,887 - __main__ - INFO - Scheduling social media posts...
2026-02-23 13:29:26,903 - __main__ - INFO - Social media task created: social_media_task_20260223_132926.md
2026-02-23 13:29:55,504 - __main__ - INFO - Running daily business briefing...
2026-02-23 13:29:55,544 - __main__ - INFO - Daily briefing created: daily_briefing_20260223.md
2026-02-23 13:29:55,544 - __main__ - INFO - Generating weekly report...
2026-02-23 13:29:55,548 - __main__ - INFO - Weekly report created: weekly_report_2026-W08.md
2026-02-23 13:29:55,549 - __main__ - INFO - Scheduling social media posts...
2026-02-23 13:29:55,555 - __main__ - INFO - Social media task created: social_media_task_20260223_132955.md
2026-02-23 13:30:00,680 - __main__ - INFO - Running daily business briefing...
2026-02-23 13:30:00,734 - __main__ - INFO - Daily briefing created: daily_briefing_20260223.md
2026-02-23 13:30:00,736 - __main__ - INFO - Generating weekly report...
2026-02-23 13:30:00,741 - __main__ - INFO - Weekly report created: weekly_report_2026-W08.md
2026-02-23 13:30:00,741 - __main__ - INFO - Scheduling social media posts...
2026-02-23 13:30:00,752 - __main__ - INFO - Social media task created: social_media_task_20260223_133000.md
2026-02-24 13:38:15,383 - __main__ - INFO - Running daily business briefing...
2026-02-24 13:38:15,445 - __main__ - INFO - Daily briefing created: daily_briefing_20260224.md
2026-02-24 13:38:19,446 - __main__ - INFO - Running daily business briefing...
2026-02-24 13:38:19,493 - __main__ - INFO - Daily briefing created: daily_briefing_20260224.md
2026-02-24 13:38:45,435 - __main__ - INFO - Running daily business briefing...
2026-02-24 13:38:45,470 - __main__ - INFO - Daily briefing created: daily_briefing_20260224.md
2026-02-25 23:57:10,984 - __main__ - INFO - Running daily business briefing...
2026-02-25 23:57:11,194 - __main__ - INFO - Daily briefing created: daily_briefing_20260225.md
2026-02-25 23:57:11,194 - __main__ - INFO - Scheduling social media posts...
2026-02-25 23:57:11,225 - __main__ - INFO - Social media task created: social_media_task_20260225_235711.md
2026-02-25 23:57:14,591 - __main__ - INFO - Running daily business briefing...
2026-02-25 23:57:14,644 - __main__ - INFO - Daily briefing created: daily_briefing_20260225.md
2026-02-25 23:57:14,645 - __main__ - INFO - Scheduling social media posts...
2026-02-25 23:57:14,652 - __main__ - INFO - Social media task created: social_media_task_20260225_235714.md
2026-02-25 23:57:40,636 - __main__ - INFO - Running daily business briefing...
2026-02-25 23:57:40,652 - __main__ - INFO - Daily briefing created: daily_briefing_20260225.md
2026-02-25 23:57:40,652 - __main__ - INFO - Scheduling social media posts...
2026-02-25 23:57:40,652 - __main__ - INFO - Social media task created: social_media_task_20260225_235740.md
2026-02-26 23:27:46,655 - __main__ - INFO - Running daily business briefing...
2026-02-26 23:27:46,706 - __main__ - INFO - Daily briefing created: daily_briefing_20260226.md
2026-02-26 23:27:50,129 - __main__ - INFO - Running daily business briefing...
2026-02-26 23:27:50,160 - __main__ - INFO - Daily briefing created: daily_briefing_20260226.md
2026-02-26 23:28:16,177 - __main__ - INFO - Running daily business briefing...
2026-02-26 23:28:16,193 - __main__ - INFO - Daily briefing created: daily_briefing_20260226.md
2026-02-28 01:05:07,501 - __main__ - INFO - Running daily business briefing...
2026-02-28 01:05:07,700 - __main__ - INFO - Daily briefing created: daily_briefing_20260228.md
2026-02-28 01:05:07,708 - __main__ - INFO - Scheduling social media posts...
2026-02-28 01:05:07,724 - __main__ - INFO - Social media task created: social_media_task_20260228_010507.md
2026-02-28 01:05:10,226 - __main__ - INFO - Running daily business briefing...
2026-02-28 01:05:10,304 - __main__ - INFO - Daily briefing created: daily_briefing_20260228.md
2026-02-28 01:05:10,304 - __main__ - INFO - Scheduling social media posts...
2026-02-28 01:05:10,304 - __main__ - INFO - Social media task created: social_media_task_20260228_010510.md
2026-02-28 01:05:36,246 - __main__ - INFO - Running daily business briefing...
2026-02-28 01:05:36,322 - __main__ - INFO - Daily briefing created: daily_briefing_20260228.md
2026-02-28 01:05:36,322 - __main__ - INFO - Scheduling social media posts...
2026-02-28 01:05:36,322 - __main__ - INFO - Social media task created: social_media_task_20260228_010536.md
2026-02-28 08:12:21,730 - scheduler - INFO - Scheduled daily briefing at 08:00
2026-02-28 08:12:21,730 - scheduler - INFO - Scheduled weekly audit at 22:00 on Sundays
2026-02-28 08:12:21,730 - scheduler - INFO - Scheduled social media posts at 10:00 on Mondays, Wednesdays, and Fridays
2026-02-28 08:12:21,730 - scheduler - INFO - Scheduled weekly report at 09:00 on Mondays
2026-02-28 08:12:21,730 - scheduler - INFO - Scheduler initialized with all tasks successfully
2026-02-28 08:12:21,730 - scheduler - INFO - AI Employee Scheduler started...
