2026-03-01 21:38:29,408 - Watchdog - INFO - Watchdog starting up...
2026-03-01 21:38:29,408 - Watchdog - INFO - Starting gmail_watcher...
2026-03-01 21:38:29,424 - Watchdog - INFO - Restarted gmail_watcher with PID 312
2026-03-01 21:38:29,440 - Watchdog - INFO - Starting whatsapp_watcher...
2026-03-01 21:38:29,455 - Watchdog - INFO - Restarted whatsapp_watcher with PID 21188
2026-03-01 21:38:29,486 - Watchdog - INFO - Starting linkedin_watcher...
2026-03-01 21:38:29,502 - Watchdog - INFO - Restarted linkedin_watcher with PID 13768
2026-03-01 21:38:29,549 - Watchdog - INFO - Starting scheduler...
2026-03-01 21:38:29,565 - Watchdog - INFO - Restarted scheduler with PID 4928
2026-03-01 21:38:29,580 - Watchdog - INFO - Starting reasoning_loop...
2026-03-01 21:38:29,596 - Watchdog - INFO - Restarted reasoning_loop with PID 14996
2026-03-01 21:38:59,668 - Watchdog - WARNING - gmail_watcher (PID 312) has stopped, restarting...
2026-03-01 21:38:59,673 - Watchdog - INFO - Restarted gmail_watcher with PID 5660
2026-03-01 21:39:30,358 - Watchdog - WARNING - gmail_watcher (PID 5660) has stopped, restarting...
2026-03-01 21:39:30,364 - Watchdog - INFO - Restarted gmail_watcher with PID 18296
2026-03-01 21:39:30,585 - Watchdog - WARNING - linkedin_watcher (PID 13768) has stopped, restarting...
2026-03-01 21:39:30,590 - Watchdog - INFO - Restarted linkedin_watcher with PID 15136
2026-03-01 21:41:36,516 - Watchdog - INFO - Watchdog starting up...
2026-03-01 21:41:36,516 - Watchdog - INFO - Starting gmail_watcher...
2026-03-01 21:41:36,516 - Watchdog - INFO - Restarted gmail_watcher with PID 15980
2026-03-01 21:41:36,563 - Watchdog - INFO - Starting whatsapp_watcher...
2026-03-01 21:41:36,579 - Watchdog - INFO - Restarted whatsapp_watcher with PID 19964
2026-03-01 21:41:36,595 - Watchdog - INFO - Starting linkedin_watcher...
2026-03-01 21:41:36,610 - Watchdog - INFO - Restarted linkedin_watcher with PID 21060
2026-03-01 21:41:36,641 - Watchdog - INFO - Starting scheduler...
2026-03-01 21:41:36,641 - Watchdog - INFO - Restarted scheduler with PID 7992
2026-03-01 21:41:36,688 - Watchdog - INFO - Starting reasoning_loop...
2026-03-01 21:41:36,704 - Watchdog - INFO - Restarted reasoning_loop with PID 11712
2026-03-01 21:42:06,924 - Watchdog - WARNING - gmail_watcher (PID 15980) has stopped, restarting...
2026-03-01 21:42:06,929 - Watchdog - INFO - Restarted gmail_watcher with PID 14784
2026-03-01 21:42:07,006 - Watchdog - WARNING - whatsapp_watcher (PID 19964) has stopped, restarting...
2026-03-01 21:42:07,137 - Watchdog - INFO - Restarted whatsapp_watcher with PID 14428
2026-03-01 21:42:07,309 - Watchdog - WARNING - linkedin_watcher (PID 21060) has stopped, restarting...
2026-03-01 21:42:07,317 - Watchdog - INFO - Restarted linkedin_watcher with PID 7836
2026-03-01 21:42:37,494 - Watchdog - WARNING - gmail_watcher (PID 14784) has stopped, restarting...
2026-03-01 21:42:37,499 - Watchdog - INFO - Restarted gmail_watcher with PID 1160
2026-03-01 21:42:37,529 - Watchdog - WARNING - whatsapp_watcher (PID 14428) has stopped, restarting...
2026-03-01 21:42:37,536 - Watchdog - INFO - Restarted whatsapp_watcher with PID 13052
2026-03-01 21:42:37,623 - Watchdog - WARNING - linkedin_watcher (PID 7836) has stopped, restarting...
2026-03-01 21:42:37,627 - Watchdog - INFO - Restarted linkedin_watcher with PID 19392
2026-03-01 21:43:07,695 - Watchdog - WARNING - gmail_watcher (PID 1160) has stopped, restarting...
2026-03-01 21:43:07,695 - Watchdog - INFO - Restarted gmail_watcher with PID 16684
2026-03-01 21:43:07,727 - Watchdog - WARNING - whatsapp_watcher (PID 13052) has stopped, restarting...
2026-03-01 21:43:07,727 - Watchdog - INFO - Restarted whatsapp_watcher with PID 5744
2026-03-01 21:43:07,774 - Watchdog - WARNING - linkedin_watcher (PID 19392) has stopped, restarting...
2026-03-01 21:43:07,774 - Watchdog - INFO - Restarted linkedin_watcher with PID 17128
